<?xml version="1.0" encoding="UTF-8"?>
<!-- Generated by org.testng.reporters.JUnitXMLReporter -->
<testsuite ignored="0" hostname="DESKTOP-U42K0FN" failures="0" tests="2" name="Default test" time="13.672" errors="0" timestamp="2024-02-01T09:40:49 EET">
  <testcase classname="seleniumuiframework.tests.SubmitOrderTests" name="SubmitOrder" time="5.512"/>
  <testcase classname="seleniumuiframework.tests.SubmitOrderTests" name="OrderIsDisplayedInOrdersPageWhenItIsSubmitted" time="0.753"/>
</testsuite> <!-- Default test -->
