<?xml version="1.0" encoding="UTF-8"?>
<!-- Generated by org.testng.reporters.JUnitXMLReporter -->
<testsuite ignored="0" hostname="DESKTOP-U42K0FN" failures="0" tests="2" name="SubmitOrderTests" time="13.772" errors="0" timestamp="2024-02-01T10:16:23 EET">
  <testcase classname="seleniumuiframework.tests.SubmitOrderTests" name="SubmitOrder" time="5.958"/>
  <testcase classname="seleniumuiframework.tests.SubmitOrderTests" name="OrderIsDisplayedInOrdersPageWhenItIsSubmitted" time="0.715"/>
</testsuite> <!-- SubmitOrderTests -->
