<?xml version="1.0" encoding="UTF-8"?>
<!-- Generated by org.testng.reporters.JUnitXMLReporter -->
<testsuite ignored="0" hostname="DESKTOP-U42K0FN" failures="0" tests="2" name="Test" time="14.331" errors="0" timestamp="2024-02-01T08:23:29 EET">
  <testcase classname="seleniumuiframework.tests.ErrorValidationsTests" name="InvalidLoginCredentialsErrorValidation" time="0.409"/>
  <testcase classname="seleniumuiframework.tests.SubmitOrderTests" name="SubmitOrder" time="6.007"/>
</testsuite> <!-- Test -->
