<?xml version="1.0" encoding="UTF-8"?>
<testng-results ignored="0" total="3" passed="3" failed="0" skipped="0">
  <reporter-output>
  </reporter-output>
  <suite started-at="2024-02-01T10:16:09 EET" name="Suite" finished-at="2024-02-01T10:16:27 EET" duration-ms="18091">
    <groups>
    </groups>
    <test started-at="2024-02-01T10:16:09 EET" name="SubmitOrderTests" finished-at="2024-02-01T10:16:23 EET" duration-ms="13772">
      <class name="seleniumuiframework.tests.SubmitOrderTests">
        <test-method is-config="true" signature="launchApplication()[pri:0, instance:seleniumuiframework.tests.SubmitOrderTests@428640fa]" started-at="2024-02-01T10:16:09 EET" name="launchApplication" finished-at="2024-02-01T10:16:13 EET" duration-ms="3673" status="PASS">
          <reporter-output>
          </reporter-output>
        </test-method> <!-- launchApplication -->
        <test-method signature="SubmitOrder()[pri:0, instance:seleniumuiframework.tests.SubmitOrderTests@428640fa]" started-at="2024-02-01T10:16:13 EET" name="SubmitOrder" finished-at="2024-02-01T10:16:18 EET" duration-ms="5958" status="PASS">
          <reporter-output>
          </reporter-output>
        </test-method> <!-- SubmitOrder -->
        <test-method is-config="true" signature="closeDriver()[pri:0, instance:seleniumuiframework.tests.SubmitOrderTests@428640fa]" started-at="2024-02-01T10:16:18 EET" name="closeDriver" finished-at="2024-02-01T10:16:19 EET" duration-ms="96" status="PASS">
          <reporter-output>
          </reporter-output>
        </test-method> <!-- closeDriver -->
        <test-method is-config="true" signature="launchApplication()[pri:0, instance:seleniumuiframework.tests.SubmitOrderTests@428640fa]" started-at="2024-02-01T10:16:19 EET" name="launchApplication" finished-at="2024-02-01T10:16:22 EET" duration-ms="3248" status="PASS">
          <reporter-output>
          </reporter-output>
        </test-method> <!-- launchApplication -->
        <test-method signature="OrderIsDisplayedInOrdersPageWhenItIsSubmitted()[pri:0, instance:seleniumuiframework.tests.SubmitOrderTests@428640fa]" started-at="2024-02-01T10:16:22 EET" name="OrderIsDisplayedInOrdersPageWhenItIsSubmitted" finished-at="2024-02-01T10:16:23 EET" depends-on-methods="seleniumuiframework.tests.SubmitOrderTests.SubmitOrder" duration-ms="715" status="PASS">
          <reporter-output>
          </reporter-output>
        </test-method> <!-- OrderIsDisplayedInOrdersPageWhenItIsSubmitted -->
        <test-method is-config="true" signature="closeDriver()[pri:0, instance:seleniumuiframework.tests.SubmitOrderTests@428640fa]" started-at="2024-02-01T10:16:23 EET" name="closeDriver" finished-at="2024-02-01T10:16:23 EET" duration-ms="56" status="PASS">
          <reporter-output>
          </reporter-output>
        </test-method> <!-- closeDriver -->
      </class> <!-- seleniumuiframework.tests.SubmitOrderTests -->
    </test> <!-- SubmitOrderTests -->
    <test started-at="2024-02-01T10:16:23 EET" name="ErrorValidationsTests" finished-at="2024-02-01T10:16:27 EET" duration-ms="4285">
      <class name="seleniumuiframework.tests.ErrorValidationsTests">
        <test-method is-config="true" signature="launchApplication()[pri:0, instance:seleniumuiframework.tests.ErrorValidationsTests@4b013c76]" started-at="2024-02-01T10:16:23 EET" name="launchApplication" finished-at="2024-02-01T10:16:26 EET" duration-ms="3782" status="PASS">
          <reporter-output>
          </reporter-output>
        </test-method> <!-- launchApplication -->
        <test-method signature="InvalidLoginCredentialsErrorValidation()[pri:0, instance:seleniumuiframework.tests.ErrorValidationsTests@4b013c76]" started-at="2024-02-01T10:16:26 EET" name="InvalidLoginCredentialsErrorValidation" finished-at="2024-02-01T10:16:27 EET" duration-ms="402" status="PASS">
          <reporter-output>
          </reporter-output>
        </test-method> <!-- InvalidLoginCredentialsErrorValidation -->
        <test-method is-config="true" signature="closeDriver()[pri:0, instance:seleniumuiframework.tests.ErrorValidationsTests@4b013c76]" started-at="2024-02-01T10:16:27 EET" name="closeDriver" finished-at="2024-02-01T10:16:27 EET" duration-ms="100" status="PASS">
          <reporter-output>
          </reporter-output>
        </test-method> <!-- closeDriver -->
      </class> <!-- seleniumuiframework.tests.ErrorValidationsTests -->
    </test> <!-- ErrorValidationsTests -->
  </suite> <!-- Suite -->
</testng-results>
