<?xml version="1.0" encoding="UTF-8"?>
<testng-results ignored="0" total="1" passed="1" failed="0" skipped="0">
  <reporter-output>
  </reporter-output>
  <suite started-at="2024-01-31T09:32:49 EET" name="Default suite" finished-at="2024-01-31T09:32:58 EET" duration-ms="9258">
    <groups>
    </groups>
    <test started-at="2024-01-31T09:32:49 EET" name="Default test" finished-at="2024-01-31T09:32:58 EET" duration-ms="9258">
      <class name="seleniumuiframework.tests.SubmitOrderTests">
        <test-method signature="submitOrder()[pri:0, instance:seleniumuiframework.tests.SubmitOrderTests@201a4587]" started-at="2024-01-31T09:32:49 EET" name="submitOrder" finished-at="2024-01-31T09:32:58 EET" duration-ms="9235" status="PASS">
          <reporter-output>
          </reporter-output>
        </test-method> <!-- submitOrder -->
      </class> <!-- seleniumuiframework.tests.SubmitOrderTests -->
    </test> <!-- Default test -->
  </suite> <!-- Default suite -->
</testng-results>
